<?xml version="1.0" encoding="UTF-8"?>
<testsuite name="TwoferTest" tests="3" skipped="0" failures="0" errors="0" timestamp="2020-02-19T03:59:55" hostname="Jocelyns-Air.fios-router.home" time="0.006">
  <properties/>
  <testcase name="noNameGiven" classname="TwoferTest" time="0.004"/>
  <testcase name="aNameGiven" classname="TwoferTest" time="0.001"/>
  <testcase name="anotherNameGiven" classname="TwoferTest" time="0.001"/>
  <system-out><![CDATA[]]></system-out>
  <system-err><![CDATA[]]></system-err>
</testsuite>
